[2026-06-05 21:42:07] 🚀 Instance RESTARTED Successfully
/data/data/com.termux/files/usr/bin/python3: can't open file '/storage/emulated/0/JIHAD_WEB_HOST_FILE/storage/instances/jihad_1780673275/main.py': [Errno 2] No such file or directory
Crashed! Restarting in 5s...
/data/data/com.termux/files/usr/bin/python3: can't open file '/storage/emulated/0/JIHAD_WEB_HOST_FILE/storage/instances/jihad_1780673275/main.py': [Errno 2] No such file or directory
Crashed! Restarting in 5s...

[2026-06-05 21:42:13] 🚀 Instance STARTED Successfully
/data/data/com.termux/files/usr/bin/python3: can't open file '/storage/emulated/0/JIHAD_WEB_HOST_FILE/storage/instances/jihad_1780673275/main.py': [Errno 2] No such file or directory
Crashed! Restarting in 5s...
/data/data/com.termux/files/usr/bin/python3: can't open file '/storage/emulated/0/JIHAD_WEB_HOST_FILE/storage/instances/jihad_1780673275/main.py': [Errno 2] No such file or directory
Crashed! Restarting in 5s...
/data/data/com.termux/files/usr/bin/python3: can't open file '/storage/emulated/0/JIHAD_WEB_HOST_FILE/storage/instances/jihad_1780673275/main.py': [Errno 2] No such file or directory
Crashed! Restarting in 5s...
/data/data/com.termux/files/usr/bin/python3: can't open file '/storage/emulated/0/JIHAD_WEB_HOST_FILE/storage/instances/jihad_1780673275/main.py': [Errno 2] No such file or directory
Crashed! Restarting in 5s...
/data/data/com.termux/files/usr/bin/python3: can't open file '/storage/emulated/0/JIHAD_WEB_HOST_FILE/storage/instances/jihad_1780673275/main.py': [Errno 2] No such file or directory
Crashed! Restarting in 5s...
/data/data/com.termux/files/usr/bin/python3: can't open file '/storage/emulated/0/JIHAD_WEB_HOST_FILE/storage/instances/jihad_1780673275/main.py': [Errno 2] No such file or directory
Crashed! Restarting in 5s...
/data/data/com.termux/files/usr/bin/python3: can't open file '/storage/emulated/0/JIHAD_WEB_HOST_FILE/storage/instances/jihad_1780673275/main.py': [Errno 2] No such file or directory
Crashed! Restarting in 5s...
/data/data/com.termux/files/usr/bin/python3: can't open file '/storage/emulated/0/JIHAD_WEB_HOST_FILE/storage/instances/jihad_1780673275/main.py': [Errno 2] No such file or directory
Crashed! Restarting in 5s...
/data/data/com.termux/files/usr/bin/python3: can't open file '/storage/emulated/0/JIHAD_WEB_HOST_FILE/storage/instances/jihad_1780673275/main.py': [Errno 2] No such file or directory
Crashed! Restarting in 5s...
/data/data/com.termux/files/usr/bin/python3: can't open file '/storage/emulated/0/JIHAD_WEB_HOST_FILE/storage/instances/jihad_1780673275/main.py': [Errno 2] No such file or directory
Crashed! Restarting in 5s...
/data/data/com.termux/files/usr/bin/python3: can't open file '/storage/emulated/0/JIHAD_WEB_HOST_FILE/storage/instances/jihad_1780673275/main.py': [Errno 2] No such file or directory
Crashed! Restarting in 5s...
/data/data/com.termux/files/usr/bin/python3: can't open file '/storage/emulated/0/JIHAD_WEB_HOST_FILE/storage/instances/jihad_1780673275/main.py': [Errno 2] No such file or directory
Crashed! Restarting in 5s...
/data/data/com.termux/files/usr/bin/python3: can't open file '/storage/emulated/0/JIHAD_WEB_HOST_FILE/storage/instances/jihad_1780673275/main.py': [Errno 2] No such file or directory
Crashed! Restarting in 5s...
/data/data/com.termux/files/usr/bin/python3: can't open file '/storage/emulated/0/JIHAD_WEB_HOST_FILE/storage/instances/jihad_1780673275/main.py': [Errno 2] No such file or directory
Crashed! Restarting in 5s...
/data/data/com.termux/files/usr/bin/python3: can't open file '/storage/emulated/0/JIHAD_WEB_HOST_FILE/storage/instances/jihad_1780673275/main.py': [Errno 2] No such file or directory
Crashed! Restarting in 5s...
/data/data/com.termux/files/usr/bin/python3: can't open file '/storage/emulated/0/JIHAD_WEB_HOST_FILE/storage/instances/jihad_1780673275/main.py': [Errno 2] No such file or directory
Crashed! Restarting in 5s...
/data/data/com.termux/files/usr/bin/python3: can't open file '/storage/emulated/0/JIHAD_WEB_HOST_FILE/storage/instances/jihad_1780673275/main.py': [Errno 2] No such file or directory
Crashed! Restarting in 5s...
/data/data/com.termux/files/usr/bin/python3: can't open file '/storage/emulated/0/JIHAD_WEB_HOST_FILE/storage/instances/jihad_1780673275/main.py': [Errno 2] No such file or directory
Crashed! Restarting in 5s...
/data/data/com.termux/files/usr/bin/python3: can't open file '/storage/emulated/0/JIHAD_WEB_HOST_FILE/storage/instances/jihad_1780673275/main.py': [Errno 2] No such file or directory
Crashed! Restarting in 5s...
/data/data/com.termux/files/usr/bin/python3: can't open file '/storage/emulated/0/JIHAD_WEB_HOST_FILE/storage/instances/jihad_1780673275/main.py': [Errno 2] No such file or directory
Crashed! Restarting in 5s...
/data/data/com.termux/files/usr/bin/python3: can't open file '/storage/emulated/0/JIHAD_WEB_HOST_FILE/storage/instances/jihad_1780673275/main.py': [Errno 2] No such file or directory
Crashed! Restarting in 5s...
/data/data/com.termux/files/usr/bin/python3: can't open file '/storage/emulated/0/JIHAD_WEB_HOST_FILE/storage/instances/jihad_1780673275/main.py': [Errno 2] No such file or directory
Crashed! Restarting in 5s...
/data/data/com.termux/files/usr/bin/python3: can't open file '/storage/emulated/0/JIHAD_WEB_HOST_FILE/storage/instances/jihad_1780673275/main.py': [Errno 2] No such file or directory
Crashed! Restarting in 5s...
/data/data/com.termux/files/usr/bin/python3: can't open file '/storage/emulated/0/JIHAD_WEB_HOST_FILE/storage/instances/jihad_1780673275/main.py': [Errno 2] No such file or directory
Crashed! Restarting in 5s...
/data/data/com.termux/files/usr/bin/python3: can't open file '/storage/emulated/0/JIHAD_WEB_HOST_FILE/storage/instances/jihad_1780673275/main.py': [Errno 2] No such file or directory
Crashed! Restarting in 5s...
/data/data/com.termux/files/usr/bin/python3: can't open file '/storage/emulated/0/JIHAD_WEB_HOST_FILE/storage/instances/jihad_1780673275/main.py': [Errno 2] No such file or directory
Crashed! Restarting in 5s...
/data/data/com.termux/files/usr/bin/python3: can't open file '/storage/emulated/0/JIHAD_WEB_HOST_FILE/storage/instances/jihad_1780673275/main.py': [Errno 2] No such file or directory
Crashed! Restarting in 5s...
/data/data/com.termux/files/usr/bin/python3: can't open file '/storage/emulated/0/JIHAD_WEB_HOST_FILE/storage/instances/jihad_1780673275/main.py': [Errno 2] No such file or directory
Crashed! Restarting in 5s...
/data/data/com.termux/files/usr/bin/python3: can't open file '/storage/emulated/0/JIHAD_WEB_HOST_FILE/storage/instances/jihad_1780673275/main.py': [Errno 2] No such file or directory
Crashed! Restarting in 5s...
/data/data/com.termux/files/usr/bin/python3: can't open file '/storage/emulated/0/JIHAD_WEB_HOST_FILE/storage/instances/jihad_1780673275/main.py': [Errno 2] No such file or directory
Crashed! Restarting in 5s...
/data/data/com.termux/files/usr/bin/python3: can't open file '/storage/emulated/0/JIHAD_WEB_HOST_FILE/storage/instances/jihad_1780673275/main.py': [Errno 2] No such file or directory
Crashed! Restarting in 5s...
/data/data/com.termux/files/usr/bin/python3: can't open file '/storage/emulated/0/JIHAD_WEB_HOST_FILE/storage/instances/jihad_1780673275/main.py': [Errno 2] No such file or directory
Crashed! Restarting in 5s...
/data/data/com.termux/files/usr/bin/python3: can't open file '/storage/emulated/0/JIHAD_WEB_HOST_FILE/storage/instances/jihad_1780673275/main.py': [Errno 2] No such file or directory
Crashed! Restarting in 5s...
/data/data/com.termux/files/usr/bin/python3: can't open file '/storage/emulated/0/JIHAD_WEB_HOST_FILE/storage/instances/jihad_1780673275/main.py': [Errno 2] No such file or directory
Crashed! Restarting in 5s...
/data/data/com.termux/files/usr/bin/python3: can't open file '/storage/emulated/0/JIHAD_WEB_HOST_FILE/storage/instances/jihad_1780673275/main.py': [Errno 2] No such file or directory
Crashed! Restarting in 5s...
/data/data/com.termux/files/usr/bin/python3: can't open file '/storage/emulated/0/JIHAD_WEB_HOST_FILE/storage/instances/jihad_1780673275/main.py': [Errno 2] No such file or directory
Crashed! Restarting in 5s...
/data/data/com.termux/files/usr/bin/python3: can't open file '/storage/emulated/0/JIHAD_WEB_HOST_FILE/storage/instances/jihad_1780673275/main.py': [Errno 2] No such file or directory
Crashed! Restarting in 5s...
/data/data/com.termux/files/usr/bin/python3: can't open file '/storage/emulated/0/JIHAD_WEB_HOST_FILE/storage/instances/jihad_1780673275/main.py': [Errno 2] No such file or directory
Crashed! Restarting in 5s...
/data/data/com.termux/files/usr/bin/python3: can't open file '/storage/emulated/0/JIHAD_WEB_HOST_FILE/storage/instances/jihad_1780673275/main.py': [Errno 2] No such file or directory
Crashed! Restarting in 5s...
/data/data/com.termux/files/usr/bin/python3: can't open file '/storage/emulated/0/JIHAD_WEB_HOST_FILE/storage/instances/jihad_1780673275/main.py': [Errno 2] No such file or directory
Crashed! Restarting in 5s...
/data/data/com.termux/files/usr/bin/python3: can't open file '/storage/emulated/0/JIHAD_WEB_HOST_FILE/storage/instances/jihad_1780673275/main.py': [Errno 2] No such file or directory
Crashed! Restarting in 5s...
/data/data/com.termux/files/usr/bin/python3: can't open file '/storage/emulated/0/JIHAD_WEB_HOST_FILE/storage/instances/jihad_1780673275/main.py': [Errno 2] No such file or directory
Crashed! Restarting in 5s...
/data/data/com.termux/files/usr/bin/python3: can't open file '/storage/emulated/0/JIHAD_WEB_HOST_FILE/storage/instances/jihad_1780673275/main.py': [Errno 2] No such file or directory
Crashed! Restarting in 5s...
/data/data/com.termux/files/usr/bin/python3: can't open file '/storage/emulated/0/JIHAD_WEB_HOST_FILE/storage/instances/jihad_1780673275/main.py': [Errno 2] No such file or directory
Crashed! Restarting in 5s...
/data/data/com.termux/files/usr/bin/python3: can't open file '/storage/emulated/0/JIHAD_WEB_HOST_FILE/storage/instances/jihad_1780673275/main.py': [Errno 2] No such file or directory
Crashed! Restarting in 5s...
/data/data/com.termux/files/usr/bin/python3: can't open file '/storage/emulated/0/JIHAD_WEB_HOST_FILE/storage/instances/jihad_1780673275/main.py': [Errno 2] No such file or directory
Crashed! Restarting in 5s...
/data/data/com.termux/files/usr/bin/python3: can't open file '/storage/emulated/0/JIHAD_WEB_HOST_FILE/storage/instances/jihad_1780673275/main.py': [Errno 2] No such file or directory
Crashed! Restarting in 5s...
/data/data/com.termux/files/usr/bin/python3: can't open file '/storage/emulated/0/JIHAD_WEB_HOST_FILE/storage/instances/jihad_1780673275/main.py': [Errno 2] No such file or directory
Crashed! Restarting in 5s...
/data/data/com.termux/files/usr/bin/python3: can't open file '/storage/emulated/0/JIHAD_WEB_HOST_FILE/storage/instances/jihad_1780673275/main.py': [Errno 2] No such file or directory
Crashed! Restarting in 5s...
/data/data/com.termux/files/usr/bin/python3: can't open file '/storage/emulated/0/JIHAD_WEB_HOST_FILE/storage/instances/jihad_1780673275/main.py': [Errno 2] No such file or directory
Crashed! Restarting in 5s...
/data/data/com.termux/files/usr/bin/python3: can't open file '/storage/emulated/0/JIHAD_WEB_HOST_FILE/storage/instances/jihad_1780673275/main.py': [Errno 2] No such file or directory
Crashed! Restarting in 5s...
/data/data/com.termux/files/usr/bin/python3: can't open file '/storage/emulated/0/JIHAD_WEB_HOST_FILE/storage/instances/jihad_1780673275/main.py': [Errno 2] No such file or directory
Crashed! Restarting in 5s...
/data/data/com.termux/files/usr/bin/python3: can't open file '/storage/emulated/0/JIHAD_WEB_HOST_FILE/storage/instances/jihad_1780673275/main.py': [Errno 2] No such file or directory
Crashed! Restarting in 5s...
/data/data/com.termux/files/usr/bin/python3: can't open file '/storage/emulated/0/JIHAD_WEB_HOST_FILE/storage/instances/jihad_1780673275/main.py': [Errno 2] No such file or directory
Crashed! Restarting in 5s...
/data/data/com.termux/files/usr/bin/python3: can't open file '/storage/emulated/0/JIHAD_WEB_HOST_FILE/storage/instances/jihad_1780673275/main.py': [Errno 2] No such file or directory
Crashed! Restarting in 5s...
/data/data/com.termux/files/usr/bin/python3: can't open file '/storage/emulated/0/JIHAD_WEB_HOST_FILE/storage/instances/jihad_1780673275/main.py': [Errno 2] No such file or directory
Crashed! Restarting in 5s...
/data/data/com.termux/files/usr/bin/python3: can't open file '/storage/emulated/0/JIHAD_WEB_HOST_FILE/storage/instances/jihad_1780673275/main.py': [Errno 2] No such file or directory
Crashed! Restarting in 5s...
/data/data/com.termux/files/usr/bin/python3: can't open file '/storage/emulated/0/JIHAD_WEB_HOST_FILE/storage/instances/jihad_1780673275/main.py': [Errno 2] No such file or directory
Crashed! Restarting in 5s...
/data/data/com.termux/files/usr/bin/python3: can't open file '/storage/emulated/0/JIHAD_WEB_HOST_FILE/storage/instances/jihad_1780673275/main.py': [Errno 2] No such file or directory
Crashed! Restarting in 5s...
/data/data/com.termux/files/usr/bin/python3: can't open file '/storage/emulated/0/JIHAD_WEB_HOST_FILE/storage/instances/jihad_1780673275/main.py': [Errno 2] No such file or directory
Crashed! Restarting in 5s...
/data/data/com.termux/files/usr/bin/python3: can't open file '/storage/emulated/0/JIHAD_WEB_HOST_FILE/storage/instances/jihad_1780673275/main.py': [Errno 2] No such file or directory
Crashed! Restarting in 5s...
/data/data/com.termux/files/usr/bin/python3: can't open file '/storage/emulated/0/JIHAD_WEB_HOST_FILE/storage/instances/jihad_1780673275/main.py': [Errno 2] No such file or directory
Crashed! Restarting in 5s...
/data/data/com.termux/files/usr/bin/python3: can't open file '/storage/emulated/0/JIHAD_WEB_HOST_FILE/storage/instances/jihad_1780673275/main.py': [Errno 2] No such file or directory
Crashed! Restarting in 5s...
/data/data/com.termux/files/usr/bin/python3: can't open file '/storage/emulated/0/JIHAD_WEB_HOST_FILE/storage/instances/jihad_1780673275/main.py': [Errno 2] No such file or directory
Crashed! Restarting in 5s...
/data/data/com.termux/files/usr/bin/python3: can't open file '/storage/emulated/0/JIHAD_WEB_HOST_FILE/storage/instances/jihad_1780673275/main.py': [Errno 2] No such file or directory
Crashed! Restarting in 5s...
/data/data/com.termux/files/usr/bin/python3: can't open file '/storage/emulated/0/JIHAD_WEB_HOST_FILE/storage/instances/jihad_1780673275/main.py': [Errno 2] No such file or directory
Crashed! Restarting in 5s...
/data/data/com.termux/files/usr/bin/python3: can't open file '/storage/emulated/0/JIHAD_WEB_HOST_FILE/storage/instances/jihad_1780673275/main.py': [Errno 2] No such file or directory
Crashed! Restarting in 5s...
/data/data/com.termux/files/usr/bin/python3: can't open file '/storage/emulated/0/JIHAD_WEB_HOST_FILE/storage/instances/jihad_1780673275/main.py': [Errno 2] No such file or directory
Crashed! Restarting in 5s...
/data/data/com.termux/files/usr/bin/python3: can't open file '/storage/emulated/0/JIHAD_WEB_HOST_FILE/storage/instances/jihad_1780673275/main.py': [Errno 2] No such file or directory
Crashed! Restarting in 5s...
/data/data/com.termux/files/usr/bin/python3: can't open file '/storage/emulated/0/JIHAD_WEB_HOST_FILE/storage/instances/jihad_1780673275/main.py': [Errno 2] No such file or directory
Crashed! Restarting in 5s...
/data/data/com.termux/files/usr/bin/python3: can't open file '/storage/emulated/0/JIHAD_WEB_HOST_FILE/storage/instances/jihad_1780673275/main.py': [Errno 2] No such file or directory
Crashed! Restarting in 5s...
/data/data/com.termux/files/usr/bin/python3: can't open file '/storage/emulated/0/JIHAD_WEB_HOST_FILE/storage/instances/jihad_1780673275/main.py': [Errno 2] No such file or directory
Crashed! Restarting in 5s...
/data/data/com.termux/files/usr/bin/python3: can't open file '/storage/emulated/0/JIHAD_WEB_HOST_FILE/storage/instances/jihad_1780673275/main.py': [Errno 2] No such file or directory
Crashed! Restarting in 5s...
/data/data/com.termux/files/usr/bin/python3: can't open file '/storage/emulated/0/JIHAD_WEB_HOST_FILE/storage/instances/jihad_1780673275/main.py': [Errno 2] No such file or directory
Crashed! Restarting in 5s...
/data/data/com.termux/files/usr/bin/python3: can't open file '/storage/emulated/0/JIHAD_WEB_HOST_FILE/storage/instances/jihad_1780673275/main.py': [Errno 2] No such file or directory
Crashed! Restarting in 5s...
/data/data/com.termux/files/usr/bin/python3: can't open file '/storage/emulated/0/JIHAD_WEB_HOST_FILE/storage/instances/jihad_1780673275/main.py': [Errno 2] No such file or directory
Crashed! Restarting in 5s...
/data/data/com.termux/files/usr/bin/python3: can't open file '/storage/emulated/0/JIHAD_WEB_HOST_FILE/storage/instances/jihad_1780673275/main.py': [Errno 2] No such file or directory
Crashed! Restarting in 5s...
/data/data/com.termux/files/usr/bin/python3: can't open file '/storage/emulated/0/JIHAD_WEB_HOST_FILE/storage/instances/jihad_1780673275/main.py': [Errno 2] No such file or directory
Crashed! Restarting in 5s...
/data/data/com.termux/files/usr/bin/python3: can't open file '/storage/emulated/0/JIHAD_WEB_HOST_FILE/storage/instances/jihad_1780673275/main.py': [Errno 2] No such file or directory
Crashed! Restarting in 5s...
/data/data/com.termux/files/usr/bin/python3: can't open file '/storage/emulated/0/JIHAD_WEB_HOST_FILE/storage/instances/jihad_1780673275/main.py': [Errno 2] No such file or directory
Crashed! Restarting in 5s...
/data/data/com.termux/files/usr/bin/python3: can't open file '/storage/emulated/0/JIHAD_WEB_HOST_FILE/storage/instances/jihad_1780673275/main.py': [Errno 2] No such file or directory
Crashed! Restarting in 5s...
/data/data/com.termux/files/usr/bin/python3: can't open file '/storage/emulated/0/JIHAD_WEB_HOST_FILE/storage/instances/jihad_1780673275/main.py': [Errno 2] No such file or directory
Crashed! Restarting in 5s...
/data/data/com.termux/files/usr/bin/python3: can't open file '/storage/emulated/0/JIHAD_WEB_HOST_FILE/storage/instances/jihad_1780673275/main.py': [Errno 2] No such file or directory
Crashed! Restarting in 5s...
/data/data/com.termux/files/usr/bin/python3: can't open file '/storage/emulated/0/JIHAD_WEB_HOST_FILE/storage/instances/jihad_1780673275/main.py': [Errno 2] No such file or directory
Crashed! Restarting in 5s...
/data/data/com.termux/files/usr/bin/python3: can't open file '/storage/emulated/0/JIHAD_WEB_HOST_FILE/storage/instances/jihad_1780673275/main.py': [Errno 2] No such file or directory
Crashed! Restarting in 5s...
/data/data/com.termux/files/usr/bin/python3: can't open file '/storage/emulated/0/JIHAD_WEB_HOST_FILE/storage/instances/jihad_1780673275/main.py': [Errno 2] No such file or directory
Crashed! Restarting in 5s...
/data/data/com.termux/files/usr/bin/python3: can't open file '/storage/emulated/0/JIHAD_WEB_HOST_FILE/storage/instances/jihad_1780673275/main.py': [Errno 2] No such file or directory
Crashed! Restarting in 5s...
/data/data/com.termux/files/usr/bin/python3: can't open file '/storage/emulated/0/JIHAD_WEB_HOST_FILE/storage/instances/jihad_1780673275/main.py': [Errno 2] No such file or directory
Crashed! Restarting in 5s...
/data/data/com.termux/files/usr/bin/python3: can't open file '/storage/emulated/0/JIHAD_WEB_HOST_FILE/storage/instances/jihad_1780673275/main.py': [Errno 2] No such file or directory
Crashed! Restarting in 5s...
/data/data/com.termux/files/usr/bin/python3: can't open file '/storage/emulated/0/JIHAD_WEB_HOST_FILE/storage/instances/jihad_1780673275/main.py': [Errno 2] No such file or directory
Crashed! Restarting in 5s...
/data/data/com.termux/files/usr/bin/python3: can't open file '/storage/emulated/0/JIHAD_WEB_HOST_FILE/storage/instances/jihad_1780673275/main.py': [Errno 2] No such file or directory
Crashed! Restarting in 5s...
/data/data/com.termux/files/usr/bin/python3: can't open file '/storage/emulated/0/JIHAD_WEB_HOST_FILE/storage/instances/jihad_1780673275/main.py': [Errno 2] No such file 
